<?xml version="1.0" encoding="UTF-8"?>
<!-- Generated by org.testng.reporters.JUnitXMLReporter -->
<testsuite hostname="MXITL135" name="Default test" tests="3" failures="0" timestamp="26 Nov 2019 11:13:03 GMT" time="25.432" errors="0">
  <testcase name="Login" time="4.122" classname="testcases.Jobs_AddJob"/>
  <testcase name="job_Module_Navigation" time="1.361" classname="testcases.Jobs_AddJob"/>
  <testcase name="add_New_Job" time="9.085" classname="testcases.Jobs_AddJob"/>
</testsuite> <!-- Default test -->
