<?xml version="1.0" encoding="UTF-8"?>
<testng-results skipped="0" failed="0" total="3" passed="3">
  <reporter-output>
  </reporter-output>
  <suite name="Default suite" duration-ms="25432" started-at="2019-11-26T11:12:36Z" finished-at="2019-11-26T11:13:02Z">
    <groups>
    </groups>
    <test name="Default test" duration-ms="25432" started-at="2019-11-26T11:12:36Z" finished-at="2019-11-26T11:13:02Z">
      <class name="testcases.Jobs_AddJob">
        <test-method status="PASS" signature="initialize_Driver()[pri:0, instance:testcases.Jobs_AddJob@198378d]" name="initialize_Driver" is-config="true" duration-ms="10843" started-at="2019-11-26T16:42:36Z" finished-at="2019-11-26T16:42:47Z">
          <reporter-output>
          </reporter-output>
        </test-method> <!-- initialize_Driver -->
        <test-method status="PASS" signature="Login()[pri:0, instance:testcases.Jobs_AddJob@198378d]" name="Login" duration-ms="4122" started-at="2019-11-26T16:42:47Z" finished-at="2019-11-26T16:42:51Z">
          <reporter-output>
          </reporter-output>
        </test-method> <!-- Login -->
        <test-method status="PASS" signature="job_Module_Navigation()[pri:1, instance:testcases.Jobs_AddJob@198378d]" name="job_Module_Navigation" duration-ms="1361" started-at="2019-11-26T16:42:51Z" finished-at="2019-11-26T16:42:53Z">
          <reporter-output>
          </reporter-output>
        </test-method> <!-- job_Module_Navigation -->
        <test-method status="PASS" signature="add_New_Job()[pri:2, instance:testcases.Jobs_AddJob@198378d]" name="add_New_Job" duration-ms="9085" started-at="2019-11-26T16:42:53Z" finished-at="2019-11-26T16:43:02Z">
          <reporter-output>
          </reporter-output>
        </test-method> <!-- add_New_Job -->
      </class> <!-- testcases.Jobs_AddJob -->
    </test> <!-- Default test -->
  </suite> <!-- Default suite -->
</testng-results>
